!SESSION 2013-05-30 08:13:51.968 -----------------------------------------------
eclipse.buildId=unknown
java.version=1.7.0_17
java.vendor=Oracle Corporation
BootLoader constants: OS=linux, ARCH=x86, WS=gtk, NL=en_US
Framework arguments:  -product com.steelejr.xdev.app.product
Command-line arguments:  -product com.steelejr.xdev.app.product -data /home/jroot/git/xdev/xdev/../runtime-com.steelejr.xdev.app.product.product -dev file:/home/jroot/git/xdev/xdev/.metadata/.plugins/org.eclipse.pde.core/com.steelejr.xdev.app.product.product/dev.properties -os linux -ws gtk -arch x86 -consoleLog

!ENTRY org.eclipse.osgi 2 0 2013-05-30 08:13:54.456
!MESSAGE The following is a complete list of bundles which are not resolved, see the prior log entry for the root cause if it exists:
!SUBENTRY 1 org.eclipse.osgi 2 0 2013-05-30 08:13:54.457
!MESSAGE Bundle at.bestsolution.efxclipse.runtime.osgi_0.8.1.201303112105 [83] was not resolved.

!ENTRY org.eclipse.equinox.app 4 0 2013-05-30 08:13:55.637
!MESSAGE Exception in Application start method
!STACK 0
java.lang.RuntimeException: Exception in Application start method
	at com.sun.javafx.application.LauncherImpl.launchApplication1(LauncherImpl.java:403)
	at com.sun.javafx.application.LauncherImpl.access$000(LauncherImpl.java:47)
	at com.sun.javafx.application.LauncherImpl$1.run(LauncherImpl.java:115)
	at java.lang.Thread.run(Thread.java:722)
Caused by: java.lang.NoClassDefFoundError: org/eclipse/core/resources/ResourcesPlugin
	at org.eclipse.emf.ecore.plugin.EcorePlugin.getWorkspaceRoot(EcorePlugin.java:617)
	at org.eclipse.emf.ecore.resource.impl.ExtensibleURIConverterImpl.<clinit>(ExtensibleURIConverterImpl.java:387)
	at org.eclipse.emf.ecore.resource.impl.ResourceSetImpl.getURIConverter(ResourceSetImpl.java:499)
	at org.eclipse.emf.ecore.resource.impl.ResourceSetImpl.getResource(ResourceSetImpl.java:369)
	at org.eclipse.e4.ui.internal.workbench.ResourceHandler.loadResource(ResourceHandler.java:234)
	at org.eclipse.e4.ui.internal.workbench.ResourceHandler.loadMostRecentModel(ResourceHandler.java:205)
	at at.bestsolution.efxclipse.runtime.workbench.fx.E4Application.loadApplicationModel(E4Application.java:330)
	at at.bestsolution.efxclipse.runtime.workbench.fx.E4Application.createE4Workbench(E4Application.java:247)
	at at.bestsolution.efxclipse.runtime.workbench.fx.E4Application.jfxStart(E4Application.java:103)
	at at.bestsolution.efxclipse.runtime.application.AbstractJFXApplication$JFXApp.start(AbstractJFXApplication.java:46)
	at com.sun.javafx.application.LauncherImpl$5.run(LauncherImpl.java:319)
	at com.sun.javafx.application.PlatformImpl$5.run(PlatformImpl.java:215)
	at com.sun.javafx.application.PlatformImpl$4$1.run(PlatformImpl.java:179)
	at com.sun.javafx.application.PlatformImpl$4$1.run(PlatformImpl.java:176)
	at java.security.AccessController.doPrivileged(Native Method)
	at com.sun.javafx.application.PlatformImpl$4.run(PlatformImpl.java:176)
	at com.sun.glass.ui.InvokeLaterDispatcher$Future.run(InvokeLaterDispatcher.java:76)
	at com.sun.glass.ui.gtk.GtkApplication._runLoop(Native Method)
	at com.sun.glass.ui.gtk.GtkApplication$3$1.run(GtkApplication.java:82)
	... 1 more
Caused by: java.lang.ClassNotFoundException: org.eclipse.core.resources.ResourcesPlugin
	at org.eclipse.osgi.internal.loader.BundleLoader.findClassInternal(BundleLoader.java:501)
	at org.eclipse.osgi.internal.loader.BundleLoader.findClass(BundleLoader.java:421)
	at org.eclipse.osgi.internal.loader.BundleLoader.findClass(BundleLoader.java:412)
	at org.eclipse.osgi.internal.baseadaptor.DefaultClassLoader.loadClass(DefaultClassLoader.java:107)
	at java.lang.ClassLoader.loadClass(ClassLoader.java:356)
	... 20 more
