!SESSION 2013-06-10 11:06:14.773 -----------------------------------------------
eclipse.buildId=unknown
java.version=1.7.0_17
java.vendor=Oracle Corporation
BootLoader constants: OS=linux, ARCH=x86, WS=gtk, NL=en_US
Framework arguments:  -product com.steelejr.xdev.app.product
Command-line arguments:  -product com.steelejr.xdev.app.product -data /home/jroot/git/xdev/xdev/../runtime-com.steelejr.xdev.app.product.product -dev file:/home/jroot/git/xdev/xdev/.metadata/.plugins/org.eclipse.pde.core/com.steelejr.xdev.app.product.product/dev.properties -os linux -ws gtk -arch x86 -consoleLog

!ENTRY org.eclipse.equinox.app 0 0 2013-06-10 11:06:15.918
!MESSAGE Product com.steelejr.xdev.app.product could not be found.

!ENTRY org.eclipse.osgi 2 0 2013-06-10 11:06:16.112
!MESSAGE One or more bundles are not resolved because the following root constraints are not resolved:
!SUBENTRY 1 org.eclipse.osgi 2 0 2013-06-10 11:06:16.113
!MESSAGE Bundle initial@reference:file:../../../git/xdev/xdev/com.steelejr.xdev.app/ was not resolved.
!SUBENTRY 2 com.steelejr.xdev.app 2 0 2013-06-10 11:06:16.113
!MESSAGE Missing required bundle org.w3c.css.sac_1.3.1.
!SUBENTRY 2 com.steelejr.xdev.app 2 0 2013-06-10 11:06:16.114
!MESSAGE Missing required bundle org.eclipse.e4.ui.css.core_0.10.2.
!SUBENTRY 2 com.steelejr.xdev.app 2 0 2013-06-10 11:06:16.115
!MESSAGE Missing required bundle org.eclipse.core.databinding.beans_1.2.200.
!SUBENTRY 2 com.steelejr.xdev.app 2 0 2013-06-10 11:06:16.115
!MESSAGE Missing required bundle org.w3c.css.sac_1.3.1.
!SUBENTRY 1 org.eclipse.osgi 2 0 2013-06-10 11:06:16.116
!MESSAGE Bundle initial@reference:file:../../../git/xdev/xdev/com.steelejr.xdev.comp.ui/ was not resolved.
!SUBENTRY 2 com.steelejr.xdev.comp.ui 2 0 2013-06-10 11:06:16.116
!MESSAGE Missing required bundle org.eclipse.ui_3.104.0.

!ENTRY org.eclipse.osgi 2 0 2013-06-10 11:06:16.124
!MESSAGE The following is a complete list of bundles which are not resolved, see the prior log entry for the root cause if it exists:
!SUBENTRY 1 org.eclipse.osgi 2 0 2013-06-10 11:06:16.124
!MESSAGE Bundle at.bestsolution.efxclipse.runtime.osgi_0.8.1.201303112105 [64] was not resolved.
!SUBENTRY 1 org.eclipse.osgi 2 0 2013-06-10 11:06:16.125
!MESSAGE Bundle com.steelejr.xdev.comp.ui_1.0.0.qualifier [121] was not resolved.
!SUBENTRY 2 com.steelejr.xdev.comp.ui 2 0 2013-06-10 11:06:16.126
!MESSAGE Missing required bundle org.eclipse.ui_3.104.0.
!SUBENTRY 1 org.eclipse.osgi 2 0 2013-06-10 11:06:16.126
!MESSAGE Bundle com.steelejr.xdev.app_1.0.0.qualifier [128] was not resolved.
!SUBENTRY 2 com.steelejr.xdev.app 2 0 2013-06-10 11:06:16.127
!MESSAGE Missing required bundle org.eclipse.core.databinding.beans_1.2.200.
!SUBENTRY 2 com.steelejr.xdev.app 2 0 2013-06-10 11:06:16.127
!MESSAGE Missing required bundle org.eclipse.e4.ui.css.core_0.10.2.
!SUBENTRY 2 com.steelejr.xdev.app 2 0 2013-06-10 11:06:16.128
!MESSAGE Missing required bundle org.w3c.css.sac_1.3.1.
!SUBENTRY 2 com.steelejr.xdev.app 2 0 2013-06-10 11:06:16.129
!MESSAGE Missing required bundle org.w3c.css.sac_1.3.1.

!ENTRY org.eclipse.osgi 2 0 2013-06-10 11:06:16.163
!MESSAGE One or more bundles are not resolved because the following root constraints are not resolved:
!SUBENTRY 1 org.eclipse.osgi 2 0 2013-06-10 11:06:16.164
!MESSAGE Bundle initial@reference:file:../../../git/xdev/xdev/com.steelejr.xdev.app/ was not resolved.
!SUBENTRY 2 com.steelejr.xdev.app 2 0 2013-06-10 11:06:16.164
!MESSAGE Missing required bundle org.w3c.css.sac_1.3.1.
!SUBENTRY 2 com.steelejr.xdev.app 2 0 2013-06-10 11:06:16.165
!MESSAGE Missing required bundle org.eclipse.e4.ui.css.core_0.10.2.
!SUBENTRY 2 com.steelejr.xdev.app 2 0 2013-06-10 11:06:16.166
!MESSAGE Missing required bundle org.eclipse.core.databinding.beans_1.2.200.
!SUBENTRY 2 com.steelejr.xdev.app 2 0 2013-06-10 11:06:16.166
!MESSAGE Missing required bundle org.w3c.css.sac_1.3.1.
!SUBENTRY 1 org.eclipse.osgi 2 0 2013-06-10 11:06:16.167
!MESSAGE Bundle initial@reference:file:../../../git/xdev/xdev/com.steelejr.xdev.comp.ui/ was not resolved.
!SUBENTRY 2 com.steelejr.xdev.comp.ui 2 0 2013-06-10 11:06:16.167
!MESSAGE Missing required bundle org.eclipse.ui_3.104.0.

!ENTRY org.eclipse.osgi 2 0 2013-06-10 11:06:16.179
!MESSAGE The following is a complete list of bundles which are not resolved, see the prior log entry for the root cause if it exists:
!SUBENTRY 1 org.eclipse.osgi 2 0 2013-06-10 11:06:16.180
!MESSAGE Bundle at.bestsolution.efxclipse.runtime.osgi_0.8.1.201303112105 [64] was not resolved.
!SUBENTRY 1 org.eclipse.osgi 2 0 2013-06-10 11:06:16.180
!MESSAGE Bundle com.steelejr.xdev.comp.ui_1.0.0.qualifier [121] was not resolved.
!SUBENTRY 2 com.steelejr.xdev.comp.ui 2 0 2013-06-10 11:06:16.181
!MESSAGE Missing required bundle org.eclipse.ui_3.104.0.
!SUBENTRY 1 org.eclipse.osgi 2 0 2013-06-10 11:06:16.181
!MESSAGE Bundle com.steelejr.xdev.app_1.0.0.qualifier [128] was not resolved.
!SUBENTRY 2 com.steelejr.xdev.app 2 0 2013-06-10 11:06:16.182
!MESSAGE Missing required bundle org.eclipse.core.databinding.beans_1.2.200.
!SUBENTRY 2 com.steelejr.xdev.app 2 0 2013-06-10 11:06:16.182
!MESSAGE Missing required bundle org.eclipse.e4.ui.css.core_0.10.2.
!SUBENTRY 2 com.steelejr.xdev.app 2 0 2013-06-10 11:06:16.185
!MESSAGE Missing required bundle org.w3c.css.sac_1.3.1.
!SUBENTRY 2 com.steelejr.xdev.app 2 0 2013-06-10 11:06:16.187
!MESSAGE Missing required bundle org.w3c.css.sac_1.3.1.

!ENTRY org.eclipse.osgi 4 0 2013-06-10 11:06:16.190
!MESSAGE Application error
!STACK 1
java.lang.RuntimeException: No application id has been found.
	at org.eclipse.equinox.internal.app.EclipseAppContainer.startDefaultApp(EclipseAppContainer.java:242)
	at org.eclipse.equinox.internal.app.MainApplicationLauncher.run(MainApplicationLauncher.java:29)
	at org.eclipse.core.runtime.internal.adaptor.EclipseAppLauncher.runApplication(EclipseAppLauncher.java:110)
	at org.eclipse.core.runtime.internal.adaptor.EclipseAppLauncher.start(EclipseAppLauncher.java:79)
	at org.eclipse.core.runtime.adaptor.EclipseStarter.run(EclipseStarter.java:353)
	at org.eclipse.core.runtime.adaptor.EclipseStarter.run(EclipseStarter.java:180)
	at sun.reflect.NativeMethodAccessorImpl.invoke0(Native Method)
	at sun.reflect.NativeMethodAccessorImpl.invoke(NativeMethodAccessorImpl.java:57)
	at sun.reflect.DelegatingMethodAccessorImpl.invoke(DelegatingMethodAccessorImpl.java:43)
	at java.lang.reflect.Method.invoke(Method.java:601)
	at org.eclipse.equinox.launcher.Main.invokeFramework(Main.java:629)
	at org.eclipse.equinox.launcher.Main.basicRun(Main.java:584)
	at org.eclipse.equinox.launcher.Main.run(Main.java:1438)
	at org.eclipse.equinox.launcher.Main.main(Main.java:1414)
