!SESSION 2013-05-31 23:21:54.523 -----------------------------------------------
eclipse.buildId=unknown
java.version=1.7.0_17
java.vendor=Oracle Corporation
BootLoader constants: OS=linux, ARCH=x86, WS=gtk, NL=en_US
Framework arguments:  -product com.steelejr.xdev.app.product
Command-line arguments:  -product com.steelejr.xdev.app.product -data /home/jroot/git/xdev/xdev/../runtime-com.steelejr.xdev.app.product.product -dev file:/home/jroot/git/xdev/xdev/.metadata/.plugins/org.eclipse.pde.core/com.steelejr.xdev.app.product.product/dev.properties -os linux -ws gtk -arch x86 -consoleLog

!ENTRY org.eclipse.osgi 2 0 2013-05-31 23:21:55.832
!MESSAGE The following is a complete list of bundles which are not resolved, see the prior log entry for the root cause if it exists:
!SUBENTRY 1 org.eclipse.osgi 2 0 2013-05-31 23:21:55.832
!MESSAGE Bundle at.bestsolution.efxclipse.runtime.osgi_0.8.1.201303112105 [83] was not resolved.

!ENTRY org.eclipse.e4.ui.workbench 4 0 2013-05-31 23:21:57.027
!MESSAGE Unable to create class 'TestPart' from bundle '168'
!STACK 0
org.eclipse.e4.core.di.InjectionException: java.lang.NoClassDefFoundError: javafx/util/Duration
	at org.eclipse.e4.core.internal.di.MethodRequestor.execute(MethodRequestor.java:63)
	at org.eclipse.e4.core.internal.di.InjectorImpl.processAnnotated(InjectorImpl.java:861)
	at org.eclipse.e4.core.internal.di.InjectorImpl.inject(InjectorImpl.java:113)
	at org.eclipse.e4.core.internal.di.InjectorImpl.internalMake(InjectorImpl.java:321)
	at org.eclipse.e4.core.internal.di.InjectorImpl.make(InjectorImpl.java:242)
	at org.eclipse.e4.core.contexts.ContextInjectionFactory.make(ContextInjectionFactory.java:161)
	at org.eclipse.e4.ui.internal.workbench.ReflectionContributionFactory.createFromBundle(ReflectionContributionFactory.java:102)
	at org.eclipse.e4.ui.internal.workbench.ReflectionContributionFactory.doCreate(ReflectionContributionFactory.java:71)
	at org.eclipse.e4.ui.internal.workbench.ReflectionContributionFactory.create(ReflectionContributionFactory.java:53)
	at at.bestsolution.efxclipse.runtime.workbench.renderers.base.BasePartRenderer.doProcessContent(BasePartRenderer.java:87)
	at at.bestsolution.efxclipse.runtime.workbench.renderers.base.BasePartRenderer.doProcessContent(BasePartRenderer.java:1)
	at at.bestsolution.efxclipse.runtime.workbench.renderers.base.BaseRenderer.processContent(BaseRenderer.java:345)
	at at.bestsolution.efxclipse.runtime.workbench.fx.PartRenderingEngine.createGui(PartRenderingEngine.java:117)
	at at.bestsolution.efxclipse.runtime.workbench.fx.PartRenderingEngine.createGui(PartRenderingEngine.java:220)
	at at.bestsolution.efxclipse.runtime.workbench.renderers.base.BaseRenderer.engineCreateWidget(BaseRenderer.java:308)
	at at.bestsolution.efxclipse.runtime.workbench.renderers.base.BaseSashRenderer.doProcessContent(BaseSashRenderer.java:112)
	at at.bestsolution.efxclipse.runtime.workbench.renderers.base.BaseSashRenderer.doProcessContent(BaseSashRenderer.java:1)
	at at.bestsolution.efxclipse.runtime.workbench.renderers.base.BaseRenderer.processContent(BaseRenderer.java:345)
	at at.bestsolution.efxclipse.runtime.workbench.fx.PartRenderingEngine.createGui(PartRenderingEngine.java:117)
	at at.bestsolution.efxclipse.runtime.workbench.fx.PartRenderingEngine.createGui(PartRenderingEngine.java:220)
	at at.bestsolution.efxclipse.runtime.workbench.renderers.base.BaseRenderer.engineCreateWidget(BaseRenderer.java:308)
	at at.bestsolution.efxclipse.runtime.workbench.renderers.base.BasePerspectiveRenderer.doProcessContent(BasePerspectiveRenderer.java:96)
	at at.bestsolution.efxclipse.runtime.workbench.renderers.base.BasePerspectiveRenderer.doProcessContent(BasePerspectiveRenderer.java:1)
	at at.bestsolution.efxclipse.runtime.workbench.renderers.base.BaseRenderer.processContent(BaseRenderer.java:345)
	at at.bestsolution.efxclipse.runtime.workbench.fx.PartRenderingEngine.createGui(PartRenderingEngine.java:117)
	at at.bestsolution.efxclipse.runtime.workbench.fx.PartRenderingEngine.createGui(PartRenderingEngine.java:220)
	at at.bestsolution.efxclipse.runtime.workbench.renderers.base.BaseRenderer.engineCreateWidget(BaseRenderer.java:308)
	at at.bestsolution.efxclipse.runtime.workbench.renderers.base.BasePerspectiveStackRenderer$7.call(BasePerspectiveStackRenderer.java:216)
	at at.bestsolution.efxclipse.runtime.workbench.renderers.base.BasePerspectiveStackRenderer$7.call(BasePerspectiveStackRenderer.java:1)
	at at.bestsolution.efxclipse.runtime.workbench.renderers.fx.DefPerspectiveStackRenderer$PerspectiveStackItemImpl$1.run(DefPerspectiveStackRenderer.java:67)
	at at.bestsolution.efxclipse.runtime.workbench.renderers.fx.widget.PerspectiveStackItem.getContent(PerspectiveStackItem.java:22)
	at at.bestsolution.efxclipse.runtime.workbench.renderers.fx.DefPerspectiveStackRenderer$PerspectiveStackImpl.selectItem(DefPerspectiveStackRenderer.java:132)
	at at.bestsolution.efxclipse.runtime.workbench.renderers.base.BasePerspectiveStackRenderer.handleSelectedElement(BasePerspectiveStackRenderer.java:261)
	at at.bestsolution.efxclipse.runtime.workbench.renderers.base.BasePerspectiveStackRenderer$2.handleEvent(BasePerspectiveStackRenderer.java:85)
	at org.eclipse.e4.ui.services.internal.events.UIEventHandler$1.run(UIEventHandler.java:41)
	at at.bestsolution.efxclipse.runtime.workbench.fx.E4Application$1.syncExec(E4Application.java:171)
	at org.eclipse.e4.ui.services.internal.events.UIEventHandler.handleEvent(UIEventHandler.java:38)
	at org.eclipse.equinox.internal.event.EventHandlerWrapper.handleEvent(EventHandlerWrapper.java:197)
	at org.eclipse.equinox.internal.event.EventHandlerTracker.dispatchEvent(EventHandlerTracker.java:197)
	at org.eclipse.equinox.internal.event.EventHandlerTracker.dispatchEvent(EventHandlerTracker.java:1)
	at org.eclipse.osgi.framework.eventmgr.EventManager.dispatchEvent(EventManager.java:230)
	at org.eclipse.osgi.framework.eventmgr.ListenerQueue.dispatchEventSynchronous(ListenerQueue.java:148)
	at org.eclipse.equinox.internal.event.EventAdminImpl.dispatchEvent(EventAdminImpl.java:135)
	at org.eclipse.equinox.internal.event.EventAdminImpl.sendEvent(EventAdminImpl.java:78)
	at org.eclipse.equinox.internal.event.EventComponent.sendEvent(EventComponent.java:39)
	at org.eclipse.e4.ui.services.internal.events.EventBroker.send(EventBroker.java:80)
	at org.eclipse.e4.ui.internal.workbench.UIEventPublisher.notifyChanged(UIEventPublisher.java:58)
	at org.eclipse.emf.common.notify.impl.BasicNotifierImpl.eNotify(BasicNotifierImpl.java:374)
	at org.eclipse.e4.ui.model.application.ui.advanced.impl.PerspectiveStackImpl.setSelectedElement(PerspectiveStackImpl.java:135)
	at org.eclipse.e4.ui.model.application.ui.advanced.impl.PerspectiveStackImpl.setSelectedElement(PerspectiveStackImpl.java:1)
	at at.bestsolution.efxclipse.runtime.workbench.renderers.base.BasePerspectiveStackRenderer.doProcessContent(BasePerspectiveStackRenderer.java:201)
	at at.bestsolution.efxclipse.runtime.workbench.renderers.base.BasePerspectiveStackRenderer.doProcessContent(BasePerspectiveStackRenderer.java:1)
	at at.bestsolution.efxclipse.runtime.workbench.renderers.base.BaseRenderer.processContent(BaseRenderer.java:345)
	at at.bestsolution.efxclipse.runtime.workbench.fx.PartRenderingEngine.createGui(PartRenderingEngine.java:117)
	at at.bestsolution.efxclipse.runtime.workbench.fx.PartRenderingEngine.createGui(PartRenderingEngine.java:220)
	at at.bestsolution.efxclipse.runtime.workbench.renderers.base.BaseRenderer.engineCreateWidget(BaseRenderer.java:308)
	at at.bestsolution.efxclipse.runtime.workbench.renderers.base.BaseWindowRenderer.doProcessContent(BaseWindowRenderer.java:179)
	at at.bestsolution.efxclipse.runtime.workbench.renderers.base.BaseWindowRenderer.doProcessContent(BaseWindowRenderer.java:1)
	at at.bestsolution.efxclipse.runtime.workbench.renderers.base.BaseRenderer.processContent(BaseRenderer.java:345)
	at at.bestsolution.efxclipse.runtime.workbench.fx.PartRenderingEngine.createGui(PartRenderingEngine.java:117)
	at at.bestsolution.efxclipse.runtime.workbench.fx.PartRenderingEngine.createGui(PartRenderingEngine.java:220)
	at at.bestsolution.efxclipse.runtime.workbench.fx.PartRenderingEngine.run(PartRenderingEngine.java:335)
	at org.eclipse.e4.ui.internal.workbench.E4Workbench.createAndRunUI(E4Workbench.java:86)
	at at.bestsolution.efxclipse.runtime.workbench.fx.E4Application.jfxStart(E4Application.java:114)
	at at.bestsolution.efxclipse.runtime.application.AbstractJFXApplication$JFXApp.start(AbstractJFXApplication.java:46)
	at com.sun.javafx.application.LauncherImpl$5.run(LauncherImpl.java:319)
	at com.sun.javafx.application.PlatformImpl$5.run(PlatformImpl.java:215)
	at com.sun.javafx.application.PlatformImpl$4$1.run(PlatformImpl.java:179)
	at com.sun.javafx.application.PlatformImpl$4$1.run(PlatformImpl.java:176)
	at java.security.AccessController.doPrivileged(Native Method)
	at com.sun.javafx.application.PlatformImpl$4.run(PlatformImpl.java:176)
	at com.sun.glass.ui.InvokeLaterDispatcher$Future.run(InvokeLaterDispatcher.java:76)
	at com.sun.glass.ui.gtk.GtkApplication._runLoop(Native Method)
	at com.sun.glass.ui.gtk.GtkApplication$3$1.run(GtkApplication.java:82)
	at java.lang.Thread.run(Thread.java:722)
Caused by: java.lang.NoClassDefFoundError: javafx/util/Duration
	at TestPart.postConstruct(TestPart.java:44)
	at sun.reflect.NativeMethodAccessorImpl.invoke0(Native Method)
	at sun.reflect.NativeMethodAccessorImpl.invoke(NativeMethodAccessorImpl.java:57)
	at sun.reflect.DelegatingMethodAccessorImpl.invoke(DelegatingMethodAccessorImpl.java:43)
	at java.lang.reflect.Method.invoke(Method.java:601)
	at org.eclipse.e4.core.internal.di.MethodRequestor.execute(MethodRequestor.java:56)
	... 74 more
Caused by: java.lang.ClassNotFoundException: javafx.util.Duration
	at org.eclipse.osgi.internal.loader.BundleLoader.findClassInternal(BundleLoader.java:501)
	at org.eclipse.osgi.internal.loader.BundleLoader.findClass(BundleLoader.java:421)
	at org.eclipse.osgi.internal.loader.BundleLoader.findClass(BundleLoader.java:412)
	at org.eclipse.osgi.internal.baseadaptor.DefaultClassLoader.loadClass(DefaultClassLoader.java:107)
	at java.lang.ClassLoader.loadClass(ClassLoader.java:356)
	... 80 more
