!SESSION 2013-06-10 11:03:48.505 -----------------------------------------------
eclipse.buildId=unknown
java.version=1.7.0_17
java.vendor=Oracle Corporation
BootLoader constants: OS=linux, ARCH=x86, WS=gtk, NL=en_US
Framework arguments:  -product com.steelejr.xdev.app.product
Command-line arguments:  -product com.steelejr.xdev.app.product -data /home/jroot/git/xdev/xdev/../runtime-com.steelejr.xdev.app.product.product -dev file:/home/jroot/git/xdev/xdev/.metadata/.plugins/org.eclipse.pde.core/com.steelejr.xdev.app.product.product/dev.properties -os linux -ws gtk -arch x86 -consoleLog

!ENTRY org.eclipse.equinox.app 0 0 2013-06-10 11:03:49.825
!MESSAGE Product com.steelejr.xdev.app.product could not be found.

!ENTRY org.eclipse.osgi 2 0 2013-06-10 11:03:49.975
!MESSAGE One or more bundles are not resolved because the following root constraints are not resolved:
!SUBENTRY 1 org.eclipse.osgi 2 0 2013-06-10 11:03:49.977
!MESSAGE Bundle initial@reference:file:../../../git/xdev/xdev/com.steelejr.xdev.comp.ui/ was not resolved.
!SUBENTRY 2 com.steelejr.xdev.comp.ui 2 0 2013-06-10 11:03:49.977
!MESSAGE Missing required bundle org.eclipse.ui_3.104.0.

!ENTRY org.eclipse.osgi 2 0 2013-06-10 11:03:49.979
!MESSAGE The following is a complete list of bundles which are not resolved, see the prior log entry for the root cause if it exists:
!SUBENTRY 1 org.eclipse.osgi 2 0 2013-06-10 11:03:49.979
!MESSAGE Bundle com.steelejr.xdev.comp.ui_1.0.0.qualifier [57] was not resolved.
!SUBENTRY 2 com.steelejr.xdev.comp.ui 2 0 2013-06-10 11:03:49.980
!MESSAGE Missing required bundle org.eclipse.ui_3.104.0.

!ENTRY org.eclipse.osgi 2 0 2013-06-10 11:03:49.994
!MESSAGE One or more bundles are not resolved because the following root constraints are not resolved:
!SUBENTRY 1 org.eclipse.osgi 2 0 2013-06-10 11:03:49.995
!MESSAGE Bundle initial@reference:file:../../../git/xdev/xdev/com.steelejr.xdev.comp.ui/ was not resolved.
!SUBENTRY 2 com.steelejr.xdev.comp.ui 2 0 2013-06-10 11:03:49.995
!MESSAGE Missing required bundle org.eclipse.ui_3.104.0.

!ENTRY org.eclipse.osgi 2 0 2013-06-10 11:03:49.996
!MESSAGE The following is a complete list of bundles which are not resolved, see the prior log entry for the root cause if it exists:
!SUBENTRY 1 org.eclipse.osgi 2 0 2013-06-10 11:03:49.997
!MESSAGE Bundle com.steelejr.xdev.comp.ui_1.0.0.qualifier [57] was not resolved.
!SUBENTRY 2 com.steelejr.xdev.comp.ui 2 0 2013-06-10 11:03:49.998
!MESSAGE Missing required bundle org.eclipse.ui_3.104.0.

!ENTRY org.eclipse.osgi 4 0 2013-06-10 11:03:49.998
!MESSAGE Application error
!STACK 1
java.lang.RuntimeException: No application id has been found.
	at org.eclipse.equinox.internal.app.EclipseAppContainer.startDefaultApp(EclipseAppContainer.java:242)
	at org.eclipse.equinox.internal.app.MainApplicationLauncher.run(MainApplicationLauncher.java:29)
	at org.eclipse.core.runtime.internal.adaptor.EclipseAppLauncher.runApplication(EclipseAppLauncher.java:110)
	at org.eclipse.core.runtime.internal.adaptor.EclipseAppLauncher.start(EclipseAppLauncher.java:79)
	at org.eclipse.core.runtime.adaptor.EclipseStarter.run(EclipseStarter.java:353)
	at org.eclipse.core.runtime.adaptor.EclipseStarter.run(EclipseStarter.java:180)
	at sun.reflect.NativeMethodAccessorImpl.invoke0(Native Method)
	at sun.reflect.NativeMethodAccessorImpl.invoke(NativeMethodAccessorImpl.java:57)
	at sun.reflect.DelegatingMethodAccessorImpl.invoke(DelegatingMethodAccessorImpl.java:43)
	at java.lang.reflect.Method.invoke(Method.java:601)
	at org.eclipse.equinox.launcher.Main.invokeFramework(Main.java:629)
	at org.eclipse.equinox.launcher.Main.basicRun(Main.java:584)
	at org.eclipse.equinox.launcher.Main.run(Main.java:1438)
	at org.eclipse.equinox.launcher.Main.main(Main.java:1414)
