!SESSION 2013-06-10 11:11:41.881 -----------------------------------------------
eclipse.buildId=unknown
java.version=1.7.0_17
java.vendor=Oracle Corporation
BootLoader constants: OS=linux, ARCH=x86, WS=gtk, NL=en_US
Framework arguments:  -product com.steelejr.xdev.app.product
Command-line arguments:  -product com.steelejr.xdev.app.product -data /home/jroot/git/xdev/xdev/../runtime-com.steelejr.xdev.app.product.product -dev file:/home/jroot/git/xdev/xdev/.metadata/.plugins/org.eclipse.pde.core/com.steelejr.xdev.app.product.product/dev.properties -os linux -ws gtk -arch x86 -consoleLog

!ENTRY org.eclipse.equinox.app 0 0 2013-06-10 11:11:43.146
!MESSAGE Product com.steelejr.xdev.app.product could not be found.

!ENTRY org.eclipse.osgi 2 0 2013-06-10 11:11:43.356
!MESSAGE One or more bundles are not resolved because the following root constraints are not resolved:
!SUBENTRY 1 org.eclipse.osgi 2 0 2013-06-10 11:11:43.357
!MESSAGE Bundle initial@reference:file:../../../git/xdev/xdev/com.steelejr.xdev.app/ was not resolved.
!SUBENTRY 2 com.steelejr.xdev.app 2 0 2013-06-10 11:11:43.357
!MESSAGE Missing required bundle org.eclipse.e4.ui.css.core_0.10.2.
!SUBENTRY 2 com.steelejr.xdev.app 2 0 2013-06-10 11:11:43.359
!MESSAGE Missing required bundle org.eclipse.core.databinding.beans_1.2.200.
!SUBENTRY 2 com.steelejr.xdev.app 2 0 2013-06-10 11:11:43.363
!MESSAGE Missing required bundle org.w3c.css.sac_1.3.1.
!SUBENTRY 2 com.steelejr.xdev.app 2 0 2013-06-10 11:11:43.363
!MESSAGE Missing required bundle org.w3c.css.sac_1.3.1.

!ENTRY org.eclipse.osgi 2 0 2013-06-10 11:11:43.366
!MESSAGE The following is a complete list of bundles which are not resolved, see the prior log entry for the root cause if it exists:
!SUBENTRY 1 org.eclipse.osgi 2 0 2013-06-10 11:11:43.370
!MESSAGE Bundle at.bestsolution.efxclipse.runtime.osgi_0.8.1.201303112105 [321] was not resolved.
!SUBENTRY 1 org.eclipse.osgi 2 0 2013-06-10 11:11:43.370
!MESSAGE Bundle com.steelejr.xdev.app_1.0.0.qualifier [326] was not resolved.
!SUBENTRY 2 com.steelejr.xdev.app 2 0 2013-06-10 11:11:43.371
!MESSAGE Missing required bundle org.eclipse.core.databinding.beans_1.2.200.
!SUBENTRY 2 com.steelejr.xdev.app 2 0 2013-06-10 11:11:43.372
!MESSAGE Missing required bundle org.eclipse.e4.ui.css.core_0.10.2.
!SUBENTRY 2 com.steelejr.xdev.app 2 0 2013-06-10 11:11:43.372
!MESSAGE Missing required bundle org.w3c.css.sac_1.3.1.
!SUBENTRY 2 com.steelejr.xdev.app 2 0 2013-06-10 11:11:43.374
!MESSAGE Missing required bundle org.w3c.css.sac_1.3.1.

!ENTRY org.eclipse.osgi 2 0 2013-06-10 11:11:43.393
!MESSAGE One or more bundles are not resolved because the following root constraints are not resolved:
!SUBENTRY 1 org.eclipse.osgi 2 0 2013-06-10 11:11:43.393
!MESSAGE Bundle initial@reference:file:../../../git/xdev/xdev/com.steelejr.xdev.app/ was not resolved.
!SUBENTRY 2 com.steelejr.xdev.app 2 0 2013-06-10 11:11:43.394
!MESSAGE Missing required bundle org.eclipse.e4.ui.css.core_0.10.2.
!SUBENTRY 2 com.steelejr.xdev.app 2 0 2013-06-10 11:11:43.394
!MESSAGE Missing required bundle org.eclipse.core.databinding.beans_1.2.200.
!SUBENTRY 2 com.steelejr.xdev.app 2 0 2013-06-10 11:11:43.396
!MESSAGE Missing required bundle org.w3c.css.sac_1.3.1.
!SUBENTRY 2 com.steelejr.xdev.app 2 0 2013-06-10 11:11:43.396
!MESSAGE Missing required bundle org.w3c.css.sac_1.3.1.

!ENTRY org.eclipse.osgi 2 0 2013-06-10 11:11:43.399
!MESSAGE The following is a complete list of bundles which are not resolved, see the prior log entry for the root cause if it exists:
!SUBENTRY 1 org.eclipse.osgi 2 0 2013-06-10 11:11:43.400
!MESSAGE Bundle at.bestsolution.efxclipse.runtime.osgi_0.8.1.201303112105 [321] was not resolved.
!SUBENTRY 1 org.eclipse.osgi 2 0 2013-06-10 11:11:43.401
!MESSAGE Bundle com.steelejr.xdev.app_1.0.0.qualifier [326] was not resolved.
!SUBENTRY 2 com.steelejr.xdev.app 2 0 2013-06-10 11:11:43.401
!MESSAGE Missing required bundle org.eclipse.core.databinding.beans_1.2.200.
!SUBENTRY 2 com.steelejr.xdev.app 2 0 2013-06-10 11:11:43.402
!MESSAGE Missing required bundle org.eclipse.e4.ui.css.core_0.10.2.
!SUBENTRY 2 com.steelejr.xdev.app 2 0 2013-06-10 11:11:43.402
!MESSAGE Missing required bundle org.w3c.css.sac_1.3.1.
!SUBENTRY 2 com.steelejr.xdev.app 2 0 2013-06-10 11:11:43.403
!MESSAGE Missing required bundle org.w3c.css.sac_1.3.1.

!ENTRY org.eclipse.osgi 4 0 2013-06-10 11:11:43.404
!MESSAGE Application error
!STACK 1
java.lang.RuntimeException: No application id has been found.
	at org.eclipse.equinox.internal.app.EclipseAppContainer.startDefaultApp(EclipseAppContainer.java:242)
	at org.eclipse.equinox.internal.app.MainApplicationLauncher.run(MainApplicationLauncher.java:29)
	at org.eclipse.core.runtime.internal.adaptor.EclipseAppLauncher.runApplication(EclipseAppLauncher.java:110)
	at org.eclipse.core.runtime.internal.adaptor.EclipseAppLauncher.start(EclipseAppLauncher.java:79)
	at org.eclipse.core.runtime.adaptor.EclipseStarter.run(EclipseStarter.java:353)
	at org.eclipse.core.runtime.adaptor.EclipseStarter.run(EclipseStarter.java:180)
	at sun.reflect.NativeMethodAccessorImpl.invoke0(Native Method)
	at sun.reflect.NativeMethodAccessorImpl.invoke(NativeMethodAccessorImpl.java:57)
	at sun.reflect.DelegatingMethodAccessorImpl.invoke(DelegatingMethodAccessorImpl.java:43)
	at java.lang.reflect.Method.invoke(Method.java:601)
	at org.eclipse.equinox.launcher.Main.invokeFramework(Main.java:629)
	at org.eclipse.equinox.launcher.Main.basicRun(Main.java:584)
	at org.eclipse.equinox.launcher.Main.run(Main.java:1438)
	at org.eclipse.equinox.launcher.Main.main(Main.java:1414)
