!SESSION 2013-05-20 14:35:26.564 -----------------------------------------------
eclipse.buildId=unknown
java.version=1.7.0_17
java.vendor=Oracle Corporation
BootLoader constants: OS=linux, ARCH=x86, WS=gtk, NL=en_US
Framework arguments:  -product com.steelejr.remotespace.app.product
Command-line arguments:  -product com.steelejr.remotespace.app.product -data /home/jroot/git/xdev/xdev/xdev-workspace/runtime-com.steelejr.remotespace.app.product -dev file:/home/jroot/git/xdev/xdev/xdev-workspace/.metadata/.plugins/org.eclipse.pde.core/com.steelejr.remotespace.app.product/dev.properties -os linux -ws gtk -arch x86 -consoleLog

!ENTRY org.eclipse.e4.ui.workbench 4 0 2013-05-20 14:35:28.470
!MESSAGE Unable to retrieve the bundle from the URI: bundleclass://com.steelejr.removespace.app/com.steelejr.removespace.app.handlers.QuitHandler

!ENTRY org.eclipse.e4.ui.workbench 4 0 2013-05-20 14:35:28.477
!MESSAGE Unable to retrieve the bundle from the URI: bundleclass://com.steelejr.removespace.app/com.steelejr.removespace.app.handlers.OpenHandler

!ENTRY org.eclipse.e4.ui.workbench 4 0 2013-05-20 14:35:28.477
!MESSAGE Unable to retrieve the bundle from the URI: bundleclass://com.steelejr.removespace.app/com.steelejr.removespace.app.handlers.SaveHandler

!ENTRY org.eclipse.e4.ui.workbench 4 0 2013-05-20 14:35:28.478
!MESSAGE Unable to retrieve the bundle from the URI: bundleclass://com.steelejr.removespace.app/com.steelejr.removespace.app.handlers.AboutHandler

!ENTRY org.eclipse.e4.ui.workbench 4 0 2013-05-20 14:35:28.542
!MESSAGE Unable to retrieve the bundle from the URI: bundleclass://org.eclipse.e4.ui.workbench.renderers.swt/org.eclipse.e4.ui.workbench.renderers.swt.WorkbenchRendererFactory

!ENTRY org.eclipse.e4.ui.workbench 4 0 2013-05-20 14:35:28.543
!MESSAGE Unable to retrieve the bundle from the URI: bundleclass://org.eclipse.e4.ui.workbench.renderers.swt/org.eclipse.e4.ui.workbench.renderers.swt.WorkbenchRendererFactory

!ENTRY org.eclipse.e4.ui.workbench 4 0 2013-05-20 14:35:28.544
!MESSAGE Unable to create class 'org.eclipse.e4.ui.internal.workbench.swt.PartRenderingEngine' from bundle '49'
!STACK 0
org.eclipse.e4.core.di.InjectionException: java.lang.IllegalStateException: Could not create any rendering factory. Aborting ...
	at org.eclipse.e4.core.internal.di.MethodRequestor.execute(MethodRequestor.java:63)
	at org.eclipse.e4.core.internal.di.InjectorImpl.processAnnotated(InjectorImpl.java:861)
	at org.eclipse.e4.core.internal.di.InjectorImpl.inject(InjectorImpl.java:113)
	at org.eclipse.e4.core.internal.di.InjectorImpl.internalMake(InjectorImpl.java:321)
	at org.eclipse.e4.core.internal.di.InjectorImpl.make(InjectorImpl.java:242)
	at org.eclipse.e4.core.contexts.ContextInjectionFactory.make(ContextInjectionFactory.java:161)
	at org.eclipse.e4.ui.internal.workbench.ReflectionContributionFactory.createFromBundle(ReflectionContributionFactory.java:103)
	at org.eclipse.e4.ui.internal.workbench.ReflectionContributionFactory.doCreate(ReflectionContributionFactory.java:72)
	at org.eclipse.e4.ui.internal.workbench.ReflectionContributionFactory.create(ReflectionContributionFactory.java:54)
	at org.eclipse.e4.ui.internal.workbench.E4Workbench.instantiateRenderer(E4Workbench.java:100)
	at org.eclipse.e4.ui.internal.workbench.E4Workbench.createAndRunUI(E4Workbench.java:83)
	at org.eclipse.e4.ui.internal.workbench.swt.E4Application.start(E4Application.java:150)
	at org.eclipse.equinox.internal.app.EclipseAppHandle.run(EclipseAppHandle.java:196)
	at org.eclipse.core.runtime.internal.adaptor.EclipseAppLauncher.runApplication(EclipseAppLauncher.java:110)
	at org.eclipse.core.runtime.internal.adaptor.EclipseAppLauncher.start(EclipseAppLauncher.java:79)
	at org.eclipse.core.runtime.adaptor.EclipseStarter.run(EclipseStarter.java:353)
	at org.eclipse.core.runtime.adaptor.EclipseStarter.run(EclipseStarter.java:180)
	at sun.reflect.NativeMethodAccessorImpl.invoke0(Native Method)
	at sun.reflect.NativeMethodAccessorImpl.invoke(NativeMethodAccessorImpl.java:57)
	at sun.reflect.DelegatingMethodAccessorImpl.invoke(DelegatingMethodAccessorImpl.java:43)
	at java.lang.reflect.Method.invoke(Method.java:601)
	at org.eclipse.equinox.launcher.Main.invokeFramework(Main.java:629)
	at org.eclipse.equinox.launcher.Main.basicRun(Main.java:584)
	at org.eclipse.equinox.launcher.Main.run(Main.java:1438)
	at org.eclipse.equinox.launcher.Main.main(Main.java:1414)
Caused by: java.lang.IllegalStateException: Could not create any rendering factory. Aborting ...
	at org.eclipse.e4.ui.internal.workbench.swt.PartRenderingEngine.initialize(PartRenderingEngine.java:443)
	at sun.reflect.NativeMethodAccessorImpl.invoke0(Native Method)
	at sun.reflect.NativeMethodAccessorImpl.invoke(NativeMethodAccessorImpl.java:57)
	at sun.reflect.DelegatingMethodAccessorImpl.invoke(DelegatingMethodAccessorImpl.java:43)
	at java.lang.reflect.Method.invoke(Method.java:601)
	at org.eclipse.e4.core.internal.di.MethodRequestor.execute(MethodRequestor.java:56)
	... 24 more

!ENTRY org.eclipse.e4.ui.workbench 4 0 2013-05-20 14:35:28.557
!MESSAGE Failed to create the presentation engine for URI: bundleclass://org.eclipse.e4.ui.workbench.swt/org.eclipse.e4.ui.internal.workbench.swt.PartRenderingEngine
