!SESSION 2013-05-20 15:03:07.545 -----------------------------------------------
eclipse.buildId=unknown
java.version=1.7.0_17
java.vendor=Oracle Corporation
BootLoader constants: OS=linux, ARCH=x86, WS=gtk, NL=en_US
Framework arguments:  -product com.steelejr.remotespace.app.product
Command-line arguments:  -product com.steelejr.remotespace.app.product -data /home/jroot/git/xdev/xdev/xdev-workspace/runtime-com.steelejr.remotespace.app.product -dev file:/home/jroot/git/xdev/xdev/xdev-workspace/.metadata/.plugins/org.eclipse.pde.core/com.steelejr.remotespace.app.product/dev.properties -os linux -ws gtk -arch x86 -consoleLog -console

!ENTRY org.eclipse.osgi 4 0 2013-05-20 15:03:08.656
!MESSAGE Could not find bundle: org.eclipse.equinox.console
!STACK 0
org.osgi.framework.BundleException: Could not find bundle: org.eclipse.equinox.console
	at org.eclipse.osgi.framework.internal.core.ConsoleManager.checkForConsoleBundle(ConsoleManager.java:211)
	at org.eclipse.core.runtime.adaptor.EclipseStarter.startup(EclipseStarter.java:297)
	at org.eclipse.core.runtime.adaptor.EclipseStarter.run(EclipseStarter.java:176)
	at sun.reflect.NativeMethodAccessorImpl.invoke0(Native Method)
	at sun.reflect.NativeMethodAccessorImpl.invoke(NativeMethodAccessorImpl.java:57)
	at sun.reflect.DelegatingMethodAccessorImpl.invoke(DelegatingMethodAccessorImpl.java:43)
	at java.lang.reflect.Method.invoke(Method.java:601)
	at org.eclipse.equinox.launcher.Main.invokeFramework(Main.java:629)
	at org.eclipse.equinox.launcher.Main.basicRun(Main.java:584)
	at org.eclipse.equinox.launcher.Main.run(Main.java:1438)
	at org.eclipse.equinox.launcher.Main.main(Main.java:1414)

!ENTRY org.eclipse.equinox.app 4 0 2013-05-20 15:03:08.703
!MESSAGE javafx/application/Application
!STACK 0
java.lang.NoClassDefFoundError: javafx/application/Application
	at java.lang.ClassLoader.defineClass1(Native Method)
	at java.lang.ClassLoader.defineClass(ClassLoader.java:791)
	at org.eclipse.osgi.internal.baseadaptor.DefaultClassLoader.defineClass(DefaultClassLoader.java:188)
	at org.eclipse.osgi.baseadaptor.loader.ClasspathManager.defineClassHoldingLock(ClasspathManager.java:632)
	at org.eclipse.osgi.baseadaptor.loader.ClasspathManager.defineClass(ClasspathManager.java:607)
	at org.eclipse.osgi.baseadaptor.loader.ClasspathManager.findClassImpl(ClasspathManager.java:568)
	at org.eclipse.osgi.baseadaptor.loader.ClasspathManager.findLocalClassImpl(ClasspathManager.java:492)
	at org.eclipse.osgi.baseadaptor.loader.ClasspathManager.findLocalClass(ClasspathManager.java:465)
	at org.eclipse.osgi.internal.baseadaptor.DefaultClassLoader.findLocalClass(DefaultClassLoader.java:216)
	at org.eclipse.osgi.internal.loader.BundleLoader.findLocalClass(BundleLoader.java:395)
	at org.eclipse.osgi.internal.loader.BundleLoader.findClassInternal(BundleLoader.java:464)
	at org.eclipse.osgi.internal.loader.BundleLoader.findClass(BundleLoader.java:421)
	at org.eclipse.osgi.internal.loader.BundleLoader.findClass(BundleLoader.java:412)
	at org.eclipse.osgi.internal.baseadaptor.DefaultClassLoader.loadClass(DefaultClassLoader.java:107)
	at java.lang.ClassLoader.loadClass(ClassLoader.java:356)
	at at.bestsolution.efxclipse.runtime.application.AbstractJFXApplication.start(AbstractJFXApplication.java:78)
	at org.eclipse.equinox.internal.app.EclipseAppHandle.run(EclipseAppHandle.java:196)
	at org.eclipse.equinox.internal.app.AnyThreadAppLauncher.run(AnyThreadAppLauncher.java:26)
	at java.lang.Thread.run(Thread.java:722)
Caused by: java.lang.ClassNotFoundException: javafx.application.Application
	at org.eclipse.osgi.internal.loader.BundleLoader.findClassInternal(BundleLoader.java:455)
	at org.eclipse.osgi.internal.loader.BundleLoader.findClass(BundleLoader.java:421)
	at org.eclipse.osgi.internal.loader.BundleLoader.findClass(BundleLoader.java:412)
	at org.eclipse.osgi.internal.baseadaptor.DefaultClassLoader.loadClass(DefaultClassLoader.java:107)
	at java.lang.ClassLoader.loadClass(ClassLoader.java:356)
	... 19 more
