!SESSION 2013-05-20 14:43:25.475 -----------------------------------------------
eclipse.buildId=unknown
java.version=1.7.0_17
java.vendor=Oracle Corporation
BootLoader constants: OS=linux, ARCH=x86, WS=gtk, NL=en_US
Framework arguments:  -product com.steelejr.remotespace.app.product
Command-line arguments:  -product com.steelejr.remotespace.app.product -data /home/jroot/git/xdev/xdev/xdev-workspace/runtime-com.steelejr.remotespace.app.product -dev file:/home/jroot/git/xdev/xdev/xdev-workspace/.metadata/.plugins/org.eclipse.pde.core/com.steelejr.remotespace.app.product/dev.properties -os linux -ws gtk -arch x86 -consoleLog -console

!ENTRY org.eclipse.osgi 4 0 2013-05-20 14:43:26.650
!MESSAGE Could not find bundle: org.eclipse.equinox.console
!STACK 0
org.osgi.framework.BundleException: Could not find bundle: org.eclipse.equinox.console
	at org.eclipse.osgi.framework.internal.core.ConsoleManager.checkForConsoleBundle(ConsoleManager.java:211)
	at org.eclipse.core.runtime.adaptor.EclipseStarter.startup(EclipseStarter.java:297)
	at org.eclipse.core.runtime.adaptor.EclipseStarter.run(EclipseStarter.java:176)
	at sun.reflect.NativeMethodAccessorImpl.invoke0(Native Method)
	at sun.reflect.NativeMethodAccessorImpl.invoke(NativeMethodAccessorImpl.java:57)
	at sun.reflect.DelegatingMethodAccessorImpl.invoke(DelegatingMethodAccessorImpl.java:43)
	at java.lang.reflect.Method.invoke(Method.java:601)
	at org.eclipse.equinox.launcher.Main.invokeFramework(Main.java:629)
	at org.eclipse.equinox.launcher.Main.basicRun(Main.java:584)
	at org.eclipse.equinox.launcher.Main.run(Main.java:1438)
	at org.eclipse.equinox.launcher.Main.main(Main.java:1414)

!ENTRY org.eclipse.osgi 4 0 2013-05-20 14:43:26.687
!MESSAGE Application error
!STACK 1
java.lang.RuntimeException: Application "at.bestsolution.efxclipse.runtime.workbench.fx.E4Application" could not be found in the registry. The applications available are: org.eclipse.equinox.app.error, org.eclipse.e4.ui.workbench.swt.E4Application, org.eclipse.e4.ui.workbench.swt.GenTopic.
	at org.eclipse.equinox.internal.app.EclipseAppContainer.startDefaultApp(EclipseAppContainer.java:248)
	at org.eclipse.equinox.internal.app.MainApplicationLauncher.run(MainApplicationLauncher.java:29)
	at org.eclipse.core.runtime.internal.adaptor.EclipseAppLauncher.runApplication(EclipseAppLauncher.java:110)
	at org.eclipse.core.runtime.internal.adaptor.EclipseAppLauncher.start(EclipseAppLauncher.java:79)
	at org.eclipse.core.runtime.adaptor.EclipseStarter.run(EclipseStarter.java:353)
	at org.eclipse.core.runtime.adaptor.EclipseStarter.run(EclipseStarter.java:180)
	at sun.reflect.NativeMethodAccessorImpl.invoke0(Native Method)
	at sun.reflect.NativeMethodAccessorImpl.invoke(NativeMethodAccessorImpl.java:57)
	at sun.reflect.DelegatingMethodAccessorImpl.invoke(DelegatingMethodAccessorImpl.java:43)
	at java.lang.reflect.Method.invoke(Method.java:601)
	at org.eclipse.equinox.launcher.Main.invokeFramework(Main.java:629)
	at org.eclipse.equinox.launcher.Main.basicRun(Main.java:584)
	at org.eclipse.equinox.launcher.Main.run(Main.java:1438)
	at org.eclipse.equinox.launcher.Main.main(Main.java:1414)
